<?xml version="1.0" encoding="UTF-8"?>
<!-- Generated by org.testng.reporters.JUnitXMLReporter -->
<testsuite ignored="0" hostname="DESKTOP-OF9I7HC" failures="0" tests="3" name="Surefire test" time="0.192" errors="0" timestamp="2024-07-31T15:50:24 CEST">
  <testcase classname="com.example.AppTest" name="testCapitalize on testCapitalize(com.example.AppTest)" time="0.009"/>
  <testcase classname="com.example.AppTest" name="testConvert on testConvert(com.example.AppTest)" time="0.173"/>
  <testcase classname="com.example.AppTest" name="testApp on testApp(com.example.AppTest)" time="0.0"/>
</testsuite> <!-- Surefire test -->
