<?xml version="1.0" encoding="UTF-8"?>
<testng-results ignored="0" total="3" passed="3" failed="0" skipped="0">
  <reporter-output>
  </reporter-output>
  <suite started-at="2024-07-31T15:50:24 CEST" name="Surefire suite" finished-at="2024-07-31T15:50:24 CEST" duration-ms="192">
    <groups>
    </groups>
    <test started-at="2024-07-31T15:50:24 CEST" name="Surefire test" finished-at="2024-07-31T15:50:24 CEST" duration-ms="192">
      <class name="com.example.AppTest">
        <test-method signature="testCapitalize()[pri:0, instance:testCapitalize(com.example.AppTest)]" started-at="2024-07-31T15:50:24 CEST" name="testCapitalize" finished-at="2024-07-31T15:50:24 CEST" duration-ms="9" status="PASS">
          <reporter-output>
          </reporter-output>
        </test-method> <!-- testCapitalize -->
        <test-method signature="testConvert()[pri:0, instance:testConvert(com.example.AppTest)]" started-at="2024-07-31T15:50:24 CEST" name="testConvert" finished-at="2024-07-31T15:50:24 CEST" duration-ms="173" status="PASS">
          <reporter-output>
          </reporter-output>
        </test-method> <!-- testConvert -->
        <test-method signature="testApp()[pri:0, instance:testApp(com.example.AppTest)]" started-at="2024-07-31T15:50:24 CEST" name="testApp" finished-at="2024-07-31T15:50:24 CEST" duration-ms="0" status="PASS">
          <reporter-output>
          </reporter-output>
        </test-method> <!-- testApp -->
      </class> <!-- com.example.AppTest -->
    </test> <!-- Surefire test -->
  </suite> <!-- Surefire suite -->
</testng-results>
